[0.482s] Invoking command in '/home/vladislave/ros2_ws/py_srvcli': PYTHONPATH=/home/vladislave/ros2_ws/py_srvcli/build/py_srvcli/prefix_override:/usr/lib/python3/dist-packages/colcon_core/task/python/colcon_distutils_commands:/home/vladislave/ros2_ws/py_srvcli/install/py_srvcli/lib/python3.10/site-packages:${PYTHONPATH} /usr/bin/python3 -W ignore:setup.py install is deprecated setup.py egg_info --egg-base build/py_srvcli build --build-base /home/vladislave/ros2_ws/py_srvcli/build/py_srvcli/build install --record /home/vladislave/ros2_ws/py_srvcli/build/py_srvcli/install.log --single-version-externally-managed install_data
[0.662s] running egg_info
[0.663s] creating build/py_srvcli/py_srvcli.egg-info
[0.663s] writing build/py_srvcli/py_srvcli.egg-info/PKG-INFO
[0.663s] writing dependency_links to build/py_srvcli/py_srvcli.egg-info/dependency_links.txt
[0.663s] writing entry points to build/py_srvcli/py_srvcli.egg-info/entry_points.txt
[0.663s] writing requirements to build/py_srvcli/py_srvcli.egg-info/requires.txt
[0.663s] writing top-level names to build/py_srvcli/py_srvcli.egg-info/top_level.txt
[0.663s] writing manifest file 'build/py_srvcli/py_srvcli.egg-info/SOURCES.txt'
[0.664s] reading manifest file 'build/py_srvcli/py_srvcli.egg-info/SOURCES.txt'
[0.664s] adding license file 'LICENSE'
[0.665s] writing manifest file 'build/py_srvcli/py_srvcli.egg-info/SOURCES.txt'
[0.665s] running build
[0.665s] running build_py
[0.665s] creating /home/vladislave/ros2_ws/py_srvcli/build/py_srvcli/build
[0.665s] creating /home/vladislave/ros2_ws/py_srvcli/build/py_srvcli/build/lib
[0.665s] creating /home/vladislave/ros2_ws/py_srvcli/build/py_srvcli/build/lib/py_srvcli
[0.665s] copying py_srvcli/__init__.py -> /home/vladislave/ros2_ws/py_srvcli/build/py_srvcli/build/lib/py_srvcli
[0.665s] copying py_srvcli/service_member_function.py -> /home/vladislave/ros2_ws/py_srvcli/build/py_srvcli/build/lib/py_srvcli
[0.666s] running install
[0.666s] running install_lib
[0.666s] creating /home/vladislave/ros2_ws/py_srvcli/install/py_srvcli/lib/python3.10/site-packages/py_srvcli
[0.667s] copying /home/vladislave/ros2_ws/py_srvcli/build/py_srvcli/build/lib/py_srvcli/__init__.py -> /home/vladislave/ros2_ws/py_srvcli/install/py_srvcli/lib/python3.10/site-packages/py_srvcli
[0.667s] copying /home/vladislave/ros2_ws/py_srvcli/build/py_srvcli/build/lib/py_srvcli/service_member_function.py -> /home/vladislave/ros2_ws/py_srvcli/install/py_srvcli/lib/python3.10/site-packages/py_srvcli
[0.667s] byte-compiling /home/vladislave/ros2_ws/py_srvcli/install/py_srvcli/lib/python3.10/site-packages/py_srvcli/__init__.py to __init__.cpython-310.pyc
[0.667s] byte-compiling /home/vladislave/ros2_ws/py_srvcli/install/py_srvcli/lib/python3.10/site-packages/py_srvcli/service_member_function.py to service_member_function.cpython-310.pyc
[0.668s] running install_data
[0.668s] creating /home/vladislave/ros2_ws/py_srvcli/install/py_srvcli/share/ament_index
[0.668s] creating /home/vladislave/ros2_ws/py_srvcli/install/py_srvcli/share/ament_index/resource_index
[0.668s] creating /home/vladislave/ros2_ws/py_srvcli/install/py_srvcli/share/ament_index/resource_index/packages
[0.668s] copying resource/py_srvcli -> /home/vladislave/ros2_ws/py_srvcli/install/py_srvcli/share/ament_index/resource_index/packages
[0.668s] copying package.xml -> /home/vladislave/ros2_ws/py_srvcli/install/py_srvcli/share/py_srvcli
[0.668s] running install_egg_info
[0.669s] Copying build/py_srvcli/py_srvcli.egg-info to /home/vladislave/ros2_ws/py_srvcli/install/py_srvcli/lib/python3.10/site-packages/py_srvcli-0.0.0-py3.10.egg-info
[0.670s] running install_scripts
[0.687s] Installing client script to /home/vladislave/ros2_ws/py_srvcli/install/py_srvcli/lib/py_srvcli
[0.687s] Installing service script to /home/vladislave/ros2_ws/py_srvcli/install/py_srvcli/lib/py_srvcli
[0.687s] writing list of installed files to '/home/vladislave/ros2_ws/py_srvcli/build/py_srvcli/install.log'
[0.706s] Invoked command in '/home/vladislave/ros2_ws/py_srvcli' returned '0': PYTHONPATH=/home/vladislave/ros2_ws/py_srvcli/build/py_srvcli/prefix_override:/usr/lib/python3/dist-packages/colcon_core/task/python/colcon_distutils_commands:/home/vladislave/ros2_ws/py_srvcli/install/py_srvcli/lib/python3.10/site-packages:${PYTHONPATH} /usr/bin/python3 -W ignore:setup.py install is deprecated setup.py egg_info --egg-base build/py_srvcli build --build-base /home/vladislave/ros2_ws/py_srvcli/build/py_srvcli/build install --record /home/vladislave/ros2_ws/py_srvcli/build/py_srvcli/install.log --single-version-externally-managed install_data
